0 info it worked if it ends with ok
1 verbose cli [ 'c:\\Program Files\\nodejs\\node.exe',
1 verbose cli   'c:\\Program Files\\nodejs\\node_modules\\npm\\bin\\npm-cli.js',
1 verbose cli   'start' ]
2 info using npm@3.10.10
3 info using node@v6.11.4
4 verbose run-script [ 'prestart', 'start', 'poststart' ]
5 info lifecycle git-test@1.0.0~prestart: git-test@1.0.0
6 silly lifecycle git-test@1.0.0~prestart: no script for prestart, continuing
7 info lifecycle git-test@1.0.0~start: git-test@1.0.0
8 verbose lifecycle git-test@1.0.0~start: unsafe-perm in lifecycle true
9 verbose lifecycle git-test@1.0.0~start: PATH: c:\Program Files\nodejs\node_modules\npm\bin\node-gyp-bin;c:\Users\Alfredo\Desktop\git-test\node_modules\.bin;c:\Users\Alfredo\bin;.;C:\Program Files (x86)\Git\local\bin;C:\Program Files (x86)\Git\mingw\bin;C:\Program Files (x86)\Git\bin;c:\Program Files\Common Files\Microsoft Shared\Windows Live;c:\Program Files (x86)\Common Files\Microsoft Shared\Windows Live;c:\Rtools\bin;c:\Rtools\gcc-4.6.3\bin;c:\WINDOWS\system32;c:\WINDOWS;c:\WINDOWS\System32\Wbem;c:\WINDOWS\System32\WindowsPowerShell\v1.0\;c:\Program Files (x86)\Windows Live\Shared;c:\Program Files (x86)\QuickTime\QTSystem\;c:\Program Files\nodejs\;c:\Program Files\Git\cmd;c:\Users\Alfredo\AppData\Roaming\npm;c:\Users\Alfredo\AppData\Local\Microsoft\WindowsApps;.;c:\Program Files\Microsoft VS Code\bin
10 verbose lifecycle git-test@1.0.0~start: CWD: c:\Users\Alfredo\Desktop\git-test
11 silly lifecycle git-test@1.0.0~start: Args: [ '/d /s /c', 'npm run lite' ]
12 silly lifecycle git-test@1.0.0~start: Returned: code: 3221225786  signal: null
13 info lifecycle git-test@1.0.0~start: Failed to exec start script
14 verbose stack Error: git-test@1.0.0 start: `npm run lite`
14 verbose stack Exit status 3221225786
14 verbose stack     at EventEmitter.<anonymous> (c:\Program Files\nodejs\node_modules\npm\lib\utils\lifecycle.js:255:16)
14 verbose stack     at emitTwo (events.js:106:13)
14 verbose stack     at EventEmitter.emit (events.js:191:7)
14 verbose stack     at ChildProcess.<anonymous> (c:\Program Files\nodejs\node_modules\npm\lib\utils\spawn.js:40:14)
14 verbose stack     at emitTwo (events.js:106:13)
14 verbose stack     at ChildProcess.emit (events.js:191:7)
14 verbose stack     at maybeClose (internal/child_process.js:920:16)
14 verbose stack     at Process.ChildProcess._handle.onexit (internal/child_process.js:230:5)
15 verbose pkgid git-test@1.0.0
16 verbose cwd c:\Users\Alfredo\Desktop\git-test
17 error Windows_NT 10.0.14393
18 error argv "c:\\Program Files\\nodejs\\node.exe" "c:\\Program Files\\nodejs\\node_modules\\npm\\bin\\npm-cli.js" "start"
19 error node v6.11.4
20 error npm  v3.10.10
21 error code ELIFECYCLE
22 error git-test@1.0.0 start: `npm run lite`
22 error Exit status 3221225786
23 error Failed at the git-test@1.0.0 start script 'npm run lite'.
23 error Make sure you have the latest version of node.js and npm installed.
23 error If you do, this is most likely a problem with the git-test package,
23 error not with npm itself.
23 error Tell the author that this fails on your system:
23 error     npm run lite
23 error You can get information on how to open an issue for this project with:
23 error     npm bugs git-test
23 error Or if that isn't available, you can get their info via:
23 error     npm owner ls git-test
23 error There is likely additional logging output above.
24 verbose exit [ 1, true ]
